
Showing logs for build [32mcb-kubecd-bdd-gh-1584794641-mas-qs6cg-1[0m stage [32mfrom-build-pack[0m and container [32mstep-credential-initializer-s7pn7[0m
{"level":"warn","ts":1584794744.4103608,"logger":"fallback-logger","caller":"logging/config.go:69","msg":"Fetch GitHub commit ID from kodata failed: \"ref: refs/heads/0.8.0-**-support-backwards-incompats\" is not a valid GitHub commit ID"}
{"level":"info","ts":1584794744.4108374,"logger":"fallback-logger","caller":"creds-init/main.go:40","msg":"Credentials initialized."}

Showing logs for build [32mcb-kubecd-bdd-gh-1584794641-mas-qs6cg-1[0m stage [32mfrom-build-pack[0m and container [32mstep-working-dir-initializer-ncsxs[0m
{"level":"warn","ts":1584794746.5506651,"logger":"fallback-logger","caller":"logging/config.go:69","msg":"Fetch GitHub commit ID from kodata failed: open /var/run/ko/HEAD: no such file or directory"}
{"level":"info","ts":1584794746.5539322,"logger":"fallback-logger","caller":"bash/main.go:64","msg":"Successfully executed command \"sh -c mkdir -p /workspace/source\"; output "}

Showing logs for build [32mcb-kubecd-bdd-gh-1584794641-mas-qs6cg-1[0m stage [32mfrom-build-pack[0m and container [32mstep-place-tools[0m

Showing logs for build [32mcb-kubecd-bdd-gh-1584794641-mas-qs6cg-1[0m stage [32mfrom-build-pack[0m and container [32mstep-git-source-cb-kubecd-bdd-gh-1584794641-mas-qs6cg-t95j4[0m
{"level":"warn","ts":1584794848.7610068,"logger":"fallback-logger","caller":"logging/config.go:69","msg":"Fetch GitHub commit ID from kodata failed: \"ref: refs/heads/0.8.0-**-support-backwards-incompats\" is not a valid GitHub commit ID"}
{"level":"info","ts":1584794850.0049536,"logger":"fallback-logger","caller":"git/git.go:103","msg":"Successfully cloned https://github.com/cb-kubecd/bdd-gh-1584794641.git @ v0.0.1 in path /workspace/source"}

Showing logs for build [32mcb-kubecd-bdd-gh-1584794641-mas-qs6cg-1[0m stage [32mfrom-build-pack[0m and container [32mstep-git-merge[0m
Using SHAs from PULL_REFS=master:513ca07004be912ae3315ab5f3374c0e9955a617
WARNING: no SHAs to merge, falling back to initial cloned commit

Showing logs for build [32mcb-kubecd-bdd-gh-1584794641-mas-qs6cg-1[0m stage [32mfrom-build-pack[0m and container [32mstep-setup-jx-git-credentials[0m
Generated Git credentials file /workspace/xdg_config/git/credentials

Showing logs for build [32mcb-kubecd-bdd-gh-1584794641-mas-qs6cg-1[0m stage [32mfrom-build-pack[0m and container [32mstep-build-make-build[0m
CGO_ENABLED=0 GO15VENDOREXPERIMENT=1 go build -ldflags '' -o bin/bdd-gh-1584794641 main.go

Showing logs for build [32mcb-kubecd-bdd-gh-1584794641-mas-qs6cg-1[0m stage [32mfrom-build-pack[0m and container [32mstep-build-container-build[0m
[36mINFO[0m[0000] No base image, nothing to extract            
[36mINFO[0m[0000] cmd: EXPOSE                                  
[36mINFO[0m[0000] Adding exposed port: 8080/tcp                
[36mINFO[0m[0000] Using files from context: [/workspace/source/bin] 
[36mINFO[0m[0000] Skipping unpacking as no commands require it. 
[36mINFO[0m[0000] Taking snapshot of full filesystem...        
[36mINFO[0m[0000] EXPOSE 8080                                  
[36mINFO[0m[0000] cmd: EXPOSE                                  
[36mINFO[0m[0000] Adding exposed port: 8080/tcp                
[36mINFO[0m[0000] No files changed in this command, skipping snapshotting. 
[36mINFO[0m[0000] ENTRYPOINT ["/bdd-gh-1584794641"]            
[36mINFO[0m[0000] No files changed in this command, skipping snapshotting. 
[36mINFO[0m[0000] Using files from context: [/workspace/source/bin] 
[36mINFO[0m[0000] COPY ./bin/ /                                
[36mINFO[0m[0000] Taking snapshot of files...                  
2020/03/21 12:47:49 pushed blob: sha256:4fa015ed7da1d9dc42f84e79e5cbb283213a04450b4e5d1cf114e876cd68f324
2020/03/21 12:47:51 pushed blob: sha256:1a021f693f2ddb2a6f939936e68faede493e30e52c6bd6c47d845fba27baae13
2020/03/21 12:47:52 gcr.io/jenkins-x-bdd3/bdd-gh-1584794641:0.0.1: digest: sha256:4117ef0f9cf24cc897839e7a890fc1048a452e4e3242d1e8acc2aa1c558f587f size: 428

Showing logs for build [32mcb-kubecd-bdd-gh-1584794641-mas-qs6cg-1[0m stage [32mfrom-build-pack[0m and container [32mstep-build-post-build[0m
no CVE provider running in the current ** namespace so skip adding image to be analysed

Showing logs for build [32mcb-kubecd-bdd-gh-1584794641-mas-qs6cg-1[0m stage [32mfrom-build-pack[0m and container [32mstep-promote-changelog[0m
Converted /workspace/source/charts/bdd-gh-1584794641 to an unshallow repository
Generating change log from git ref 2676481b4132fef677aa44ef65d3ae43c25bcde3 => 81a2edea5c8eed61a81f2488af84f8567aaeebf4
Associating user x-0 in users.jenkins.io with email c**d-bot@cloudbees.com to git GitProvider user with login -0 as emails match
Adding label jenkins.io/git-github-userid=-0 to user x-0 in users.jenkins.io
WARNING: Failed to enrich commit 513ca07004be912ae3315ab5f3374c0e9955a617 with issues: User.jenkins.io "x-0" is invalid: metadata.labels: Invalid value: "-0": a valid label must be an empty string or consist of alphanumeric characters, '-', '_' or '.', and must start and end with an alphanumeric character (e.g. 'MyValue',  or 'my_value',  or '12345', regex used for validation is '(([A-Za-z0-9][-A-Za-z0-9_.]*)?[A-Za-z0-9])?')
Associating user x-0 in users.jenkins.io with email c**d-bot@cloudbees.com to git GitProvider user with login -0 as emails match
Adding label jenkins.io/git-github-userid=-0 to user x-0 in users.jenkins.io
WARNING: Failed to enrich commit 513ca07004be912ae3315ab5f3374c0e9955a617 with issues: User.jenkins.io "x-0" is invalid: metadata.labels: Invalid value: "-0": a valid label must be an empty string or consist of alphanumeric characters, '-', '_' or '.', and must start and end with an alphanumeric character (e.g. 'MyValue',  or 'my_value',  or '12345', regex used for validation is '(([A-Za-z0-9][-A-Za-z0-9_.]*)?[A-Za-z0-9])?')
Finding issues in commit messages using git format
WARNING: No release found for cb-kubecd/bdd-gh-1584794641 and tag v0.0.1 so creating a new release
Updated the release information at https://github.com/cb-kubecd/bdd-gh-1584794641/releases/tag/v0.0.1
generated: /workspace/source/charts/bdd-gh-1584794641/templates/release.yaml
Created Release bdd-gh-1584794641-0-0-1 resource in namespace **
Updating PipelineActivity cb-kubecd-bdd-gh-1584794641-master-1 with version 0.0.1
Updated PipelineActivities cb-kubecd-bdd-gh-1584794641-master-1 with release notes URL: https://github.com/cb-kubecd/bdd-gh-1584794641/releases/tag/v0.0.1

Showing logs for build [32mcb-kubecd-bdd-gh-1584794641-mas-qs6cg-1[0m stage [32mfrom-build-pack[0m and container [32mstep-promote-helm-release[0m
WARNING: No $CHART_REPOSITORY defined so using the default value of: http://jenkins-x-chartmuseum:8080
Adding missing Helm repo: storage.googleapis.com https://storage.googleapis.com/chartmuseum.jenkins-x.io
WARNING: No secrets found on "helm/repos" due: reading the secret "helm/repos" from vault: no secret "helm/repos" not found in vault
Read credentials for https://storage.googleapis.com/chartmuseum.jenkins-x.io from vault helm/repos
Successfully added Helm repository storage.googleapis.com.
Adding missing Helm repo: jenkins-x-chartmuseum http://jenkins-x-chartmuseum:8080
WARNING: No secrets found on "helm/repos" due: reading the secret "helm/repos" from vault: no secret "helm/repos" not found in vault
Read credentials for http://jenkins-x-chartmuseum:8080 from vault helm/repos
Successfully added Helm repository jenkins-x-chartmuseum.
WARNING: No $CHART_REPOSITORY defined so using the default value of: http://jenkins-x-chartmuseum:8080
Uploading chart file bdd-gh-1584794641-0.0.1.tgz to http://jenkins-x-chartmuseum:8080/api/charts
Received 201 response: {"saved":true}

Showing logs for build [32mcb-kubecd-bdd-gh-1584794641-mas-qs6cg-1[0m stage [32mfrom-build-pack[0m and container [32mstep-promote-jx-promote[0m
WARNING: prow based install so skip waiting for the merge of Pull Requests to go green as currently there is an issue with gettingstatuses from the PR, see https://github.com/jenkins-x/**/issues/2410
WARNING: No $CHART_REPOSITORY defined so using the default value of: http://jenkins-x-chartmuseum:8080
Promoting app bdd-gh-1584794641 version 0.0.1 to namespace **-staging
WARNING: 
Created Pull Request: https://github.com/cb-kubecd/environment-pr-187-21-boot-gke-staging/pull/2
Added label updatebot to Pull Request https://github.com/cb-kubecd/environment-pr-187-21-boot-gke-staging/pull/2
got git provider status pending from PR https://github.com/cb-kubecd/environment-pr-187-21-boot-gke-staging/pull/2
got git provider status pending from PR https://github.com/cb-kubecd/environment-pr-187-21-boot-gke-staging/pull/2
got git provider status pending from PR https://github.com/cb-kubecd/environment-pr-187-21-boot-gke-staging/pull/2
got git provider status pending from PR https://github.com/cb-kubecd/environment-pr-187-21-boot-gke-staging/pull/2
got git provider status pending from PR https://github.com/cb-kubecd/environment-pr-187-21-boot-gke-staging/pull/2
got git provider status pending from PR https://github.com/cb-kubecd/environment-pr-187-21-boot-gke-staging/pull/2
Pull Request https://github.com/cb-kubecd/environment-pr-187-21-boot-gke-staging/pull/2 is merged at sha 4f3cf6410025b4ddaac9e4d41912b8b34c87a35e
Pull Request merged but we are not waiting for the update pipeline to complete!
WARNING: Could not find the service URL in namespace **-staging for names bdd-gh-1584794641, **-bdd-gh-1584794641, **-staging-bdd-gh-1584794641
